<?xml version="1.0" encoding="UTF-8"?>
<testng-results ignored="0" total="2" passed="1" failed="1" skipped="0">
  <reporter-output>
  </reporter-output>
  <suite started-at="2023-08-18T07:45:29 GMT" name="Default suite" finished-at="2023-08-18T07:45:45 GMT" duration-ms="16466">
    <groups>
    </groups>
    <test started-at="2023-08-18T07:45:29 GMT" name="Default test" finished-at="2023-08-18T07:45:45 GMT" duration-ms="16466">
      <class name="testScripts.GooglePageTest">
        <test-method is-config="true" signature="setUpExtent()[pri:0, instance:testScripts.GooglePageTest@3f6f6701]" started-at="2023-08-18T07:45:29 GMT" name="setUpExtent" finished-at="2023-08-18T07:45:29 GMT" duration-ms="387" status="PASS">
          <reporter-output>
          </reporter-output>
        </test-method> <!-- setUpExtent -->
        <test-method is-config="true" signature="setup()[pri:0, instance:testScripts.GooglePageTest@3f6f6701]" started-at="2023-08-18T07:45:29 GMT" name="setup" finished-at="2023-08-18T07:45:32 GMT" duration-ms="2702" status="PASS">
          <reporter-output>
          </reporter-output>
        </test-method> <!-- setup -->
        <test-method signature="searchCucumberTest()[pri:0, instance:testScripts.GooglePageTest@3f6f6701]" started-at="2023-08-18T07:45:32 GMT" name="searchCucumberTest" finished-at="2023-08-18T07:45:36 GMT" duration-ms="4523" status="FAIL">
          <exception class="java.lang.AssertionError">
            <message>
              <![CDATA[expected [Cucumber Tutorial - Google Search Page] but found [Cucumber Tutorial - Google Search]]]>
            </message>
            <full-stacktrace>
              <![CDATA[java.lang.AssertionError: expected [Cucumber Tutorial - Google Search Page] but found [Cucumber Tutorial - Google Search]
at org.testng.Assert.fail(Assert.java:110)
at org.testng.Assert.failNotEquals(Assert.java:1413)
at org.testng.Assert.assertEqualsImpl(Assert.java:149)
at org.testng.Assert.assertEquals(Assert.java:131)
at org.testng.Assert.assertEquals(Assert.java:655)
at org.testng.Assert.assertEquals(Assert.java:665)
at testScripts.GooglePageTest.searchCucumberTest(GooglePageTest.java:103)
at java.base/jdk.internal.reflect.NativeMethodAccessorImpl.invoke0(Native Method)
at java.base/jdk.internal.reflect.NativeMethodAccessorImpl.invoke(NativeMethodAccessorImpl.java:78)
at java.base/jdk.internal.reflect.DelegatingMethodAccessorImpl.invoke(DelegatingMethodAccessorImpl.java:43)
at java.base/java.lang.reflect.Method.invoke(Method.java:567)
at org.testng.internal.invokers.MethodInvocationHelper.invokeMethod(MethodInvocationHelper.java:139)
at org.testng.internal.invokers.TestInvoker.invokeMethod(TestInvoker.java:677)
at org.testng.internal.invokers.TestInvoker.invokeTestMethod(TestInvoker.java:221)
at org.testng.internal.invokers.MethodRunner.runInSequence(MethodRunner.java:50)
at org.testng.internal.invokers.TestInvoker$MethodInvocationAgent.invoke(TestInvoker.java:969)
at org.testng.internal.invokers.TestInvoker.invokeTestMethods(TestInvoker.java:194)
at org.testng.internal.invokers.TestMethodWorker.invokeTestMethods(TestMethodWorker.java:148)
at org.testng.internal.invokers.TestMethodWorker.run(TestMethodWorker.java:128)
at java.base/java.util.ArrayList.forEach(ArrayList.java:1511)
at org.testng.TestRunner.privateRun(TestRunner.java:829)
at org.testng.TestRunner.run(TestRunner.java:602)
at org.testng.SuiteRunner.runTest(SuiteRunner.java:437)
at org.testng.SuiteRunner.runSequentially(SuiteRunner.java:431)
at org.testng.SuiteRunner.privateRun(SuiteRunner.java:391)
at org.testng.SuiteRunner.run(SuiteRunner.java:330)
at org.testng.SuiteRunnerWorker.runSuite(SuiteRunnerWorker.java:52)
at org.testng.SuiteRunnerWorker.run(SuiteRunnerWorker.java:95)
at org.testng.TestNG.runSuitesSequentially(TestNG.java:1256)
at org.testng.TestNG.runSuitesLocally(TestNG.java:1176)
at org.testng.TestNG.runSuites(TestNG.java:1099)
at org.testng.TestNG.run(TestNG.java:1067)
at org.testng.remote.AbstractRemoteTestNG.run(AbstractRemoteTestNG.java:115)
at org.testng.remote.RemoteTestNG.initAndRun(RemoteTestNG.java:251)
at org.testng.remote.RemoteTestNG.main(RemoteTestNG.java:77)
]]>
            </full-stacktrace>
          </exception> <!-- java.lang.AssertionError -->
          <reporter-output>
          </reporter-output>
        </test-method> <!-- searchCucumberTest -->
        <test-method is-config="true" signature="teardown(org.testng.ITestResult)[pri:0, instance:testScripts.GooglePageTest@3f6f6701]" started-at="2023-08-18T07:45:36 GMT" name="teardown" finished-at="2023-08-18T07:45:37 GMT" duration-ms="258" status="PASS">
          <params>
            <param index="0">
              <value>
                <![CDATA[[TestResult name=searchCucumberTest status=FAILURE method=GooglePageTest.searchCucumberTest()[pri:0, instance:testScripts.GooglePageTest@3f6f6701] output={null}]]]>
              </value>
            </param>
          </params>
          <reporter-output>
          </reporter-output>
        </test-method> <!-- teardown -->
        <test-method is-config="true" signature="setup()[pri:0, instance:testScripts.GooglePageTest@3f6f6701]" started-at="2023-08-18T07:45:37 GMT" name="setup" finished-at="2023-08-18T07:45:38 GMT" duration-ms="1393" status="PASS">
          <reporter-output>
          </reporter-output>
        </test-method> <!-- setup -->
        <test-method signature="searchSeleniumTest()[pri:0, instance:testScripts.GooglePageTest@3f6f6701]" started-at="2023-08-18T07:45:38 GMT" name="searchSeleniumTest" finished-at="2023-08-18T07:45:43 GMT" duration-ms="4571" status="PASS">
          <reporter-output>
          </reporter-output>
        </test-method> <!-- searchSeleniumTest -->
        <test-method is-config="true" signature="teardown(org.testng.ITestResult)[pri:0, instance:testScripts.GooglePageTest@3f6f6701]" started-at="2023-08-18T07:45:43 GMT" name="teardown" finished-at="2023-08-18T07:45:45 GMT" duration-ms="2100" status="PASS">
          <params>
            <param index="0">
              <value>
                <![CDATA[[TestResult name=searchSeleniumTest status=SUCCESS method=GooglePageTest.searchSeleniumTest()[pri:0, instance:testScripts.GooglePageTest@3f6f6701] output={null}]]]>
              </value>
            </param>
          </params>
          <reporter-output>
          </reporter-output>
        </test-method> <!-- teardown -->
        <test-method is-config="true" signature="finishExtent()[pri:0, instance:testScripts.GooglePageTest@3f6f6701]" started-at="2023-08-18T07:45:45 GMT" name="finishExtent" finished-at="2023-08-18T07:45:45 GMT" duration-ms="471" status="PASS">
          <reporter-output>
          </reporter-output>
        </test-method> <!-- finishExtent -->
      </class> <!-- testScripts.GooglePageTest -->
    </test> <!-- Default test -->
  </suite> <!-- Default suite -->
</testng-results>
